GeoM-Client/GPS/prototipoGPS/app/build/outputs/logs/manifest-merger-debug-report.txt
-- Merging decision tree log ---
manifest
ADDED from src\main\AndroidManifest.xml:2:1-28:12
	package
		ADDED from src\main\AndroidManifest.xml:3:3-30
		INJECTED from src\main\AndroidManifest.xml
		INJECTED from src\main\AndroidManifest.xml
	android:versionName
		ADDED from src\main\AndroidManifest.xml:5:3-28
		INJECTED from src\main\AndroidManifest.xml
		INJECTED from src\main\AndroidManifest.xml
	android:versionCode
		ADDED from src\main\AndroidManifest.xml:4:3-26
		INJECTED from src\main\AndroidManifest.xml
		INJECTED from src\main\AndroidManifest.xml
	xmlns:android
		ADDED from src\main\AndroidManifest.xml:2:11-69
uses-sdk
ADDED from src\main\AndroidManifest.xml:7:3-41
	android:targetSdkVersion
		INJECTED from src\main\AndroidManifest.xml
		INJECTED from src\main\AndroidManifest.xml
	android:minSdkVersion
		ADDED from src\main\AndroidManifest.xml:7:13-38
		INJECTED from src\main\AndroidManifest.xml
		INJECTED from src\main\AndroidManifest.xml
uses-permission#android.permission.ACCESS_FINE_LOCATION
ADDED from src\main\AndroidManifest.xml:9:3-11:5
	android:name
		ADDED from src\main\AndroidManifest.xml:10:5-59
uses-permission#android.permission.INTERNET
ADDED from src\main\AndroidManifest.xml:12:3-64
	android:name
		ADDED from src\main\AndroidManifest.xml:12:20-62
application
ADDED from src\main\AndroidManifest.xml:14:3-27:17
	android:label
		ADDED from src\main\AndroidManifest.xml:16:5-37
	android:icon
		ADDED from src\main\AndroidManifest.xml:15:5-41
uses-library#com.google.android.maps
ADDED from src\main\AndroidManifest.xml:17:5-59
	android:name
		ADDED from src\main\AndroidManifest.xml:17:19-57
activity#com.paad.whereami.WhereAmI
ADDED from src\main\AndroidManifest.xml:19:5-26:16
	android:label
		ADDED from src\main\AndroidManifest.xml:21:7-39
	android:name
		ADDED from src\main\AndroidManifest.xml:20:7-31
intent-filter#android.intent.action.MAIN+android.intent.category.LAUNCHER
ADDED from src\main\AndroidManifest.xml:22:7-25:23
action#android.intent.action.MAIN
ADDED from src\main\AndroidManifest.xml:23:9-61
	android:name
		ADDED from src\main\AndroidManifest.xml:23:17-58
category#android.intent.category.LAUNCHER
ADDED from src\main\AndroidManifest.xml:24:9-69
	android:name
		ADDED from src\main\AndroidManifest.xml:24:19-66